<?xml version="1.0" encoding="UTF-8"?>
<!-- Generated by org.testng.reporters.JUnitReportReporter -->
<testsuite hostname="DESKTOP-N3UGE0T" failures="0" tests="1" name="T1.C2" time="0.008" errors="0" timestamp="2025-07-20T15:52:00 IST" skipped="0">
  <testcase classname="T1.C2" name="Test2" time="0.008"/>
</testsuite> <!-- T1.C2 -->
