<?xml version="1.0" encoding="UTF-8"?>
<!-- Generated by org.testng.reporters.JUnitReportReporter -->
<testsuite hostname="DESKTOP-N3UGE0T" failures="0" tests="1" name="Runner.Runnerclass" time="7.634" errors="0" timestamp="2025-07-18T11:34:26 IST" skipped="0">
  <testcase classname="Runner.Runnerclass" name="runScenario" time="7.634"/>
</testsuite> <!-- Runner.Runnerclass -->
