<?xml version="1.0" encoding="UTF-8"?>
<!-- Generated by org.testng.reporters.JUnitReportReporter -->
<testsuite hostname="DESKTOP-N3UGE0T" failures="0" tests="3" name="T1.C3" time="0.015" errors="0" timestamp="2025-07-20T16:41:00 IST" skipped="0">
  <testcase classname="T1.C3" name="Test2" time="0.008"/>
  <testcase classname="T1.C3" name="Test1" time="0.002"/>
  <testcase classname="T1.C3" name="Test1" time="0.005"/>
</testsuite> <!-- T1.C3 -->
