<?xml version="1.0" encoding="UTF-8"?>
<!-- Generated by org.testng.reporters.JUnitReportReporter -->
<testsuite hostname="DESKTOP-N3UGE0T" failures="0" tests="3" name="Runner.Runnerclass" time="11.586" errors="0" timestamp="2025-07-21T14:24:07 IST" skipped="0">
  <testcase classname="Runner.Runnerclass" name="runScenario" time="3.614"/>
  <testcase classname="Runner.Runnerclass" name="runScenario" time="4.457"/>
  <testcase classname="Runner.Runnerclass" name="runScenario" time="3.515"/>
</testsuite> <!-- Runner.Runnerclass -->
