<?xml version="1.0" encoding="UTF-8"?>
<!-- Generated by org.testng.reporters.JUnitReportReporter -->
<testsuite hostname="DESKTOP-N3UGE0T" failures="0" tests="4" name="Runner.Runnerclass" time="31.186" errors="0" timestamp="2025-07-20T17:27:11 IST" skipped="0">
  <testcase classname="Runner.Runnerclass" name="runScenario" time="18.435"/>
  <testcase classname="Runner.Runnerclass" name="runScenario" time="4.010"/>
  <testcase classname="Runner.Runnerclass" name="runScenario" time="4.738"/>
  <testcase classname="Runner.Runnerclass" name="runScenario" time="4.003"/>
</testsuite> <!-- Runner.Runnerclass -->
