<?xml version="1.0" encoding="UTF-8"?>
<!-- Generated by org.testng.reporters.JUnitReportReporter -->
<testsuite hostname="DESKTOP-N3UGE0T" failures="0" tests="2" name="T1.C1" time="0.211" errors="0" timestamp="2025-07-21T11:58:11 IST" skipped="0">
  <testcase classname="T1.C1" name="Test2" time="0.012"/>
  <testcase classname="T1.C1" name="Test1" time="0.199"/>
</testsuite> <!-- T1.C1 -->
