<?xml version="1.0" encoding="UTF-8"?>
<!-- Generated by org.testng.reporters.JUnitReportReporter -->
<testsuite hostname="DESKTOP-N3UGE0T" failures="0" tests="3" name="Runner.Runnerclass" time="9.779" errors="0" timestamp="2025-07-21T14:28:47 IST" skipped="0">
  <testcase classname="Runner.Runnerclass" name="runScenario" time="2.883"/>
  <testcase classname="Runner.Runnerclass" name="runScenario" time="3.959"/>
  <testcase classname="Runner.Runnerclass" name="runScenario" time="2.937"/>
</testsuite> <!-- Runner.Runnerclass -->
